#0 building with "default" instance using docker driver

#1 [internal] load build definition from Dockerfile
#1 transferring dockerfile: 543B done
#1 DONE 0.0s

#2 [internal] load metadata for docker.io/library/python:3.11-slim
#2 DONE 1.1s

#3 [internal] load .dockerignore
#3 transferring context: 2B done
#3 DONE 0.0s

#4 [1/4] FROM docker.io/library/python:3.11-slim@sha256:193fdd0bbcb3d2ae612bd6cc3548d2f7c78d65b549fcaa8af75624c47474444d
#4 DONE 0.0s

#5 [internal] load build context
#5 transferring context: 141B done
#5 DONE 0.0s

#6 [2/4] WORKDIR /app
#6 CACHED

#7 [3/4] COPY requirements.txt .
#7 CACHED

#8 [4/4] RUN pip install --no-cache-dir -r requirements.txt
#8 CACHED

#9 exporting to image
#9 exporting layers done
#9 writing image sha256:edd73544fb4089c7dd22d3ee349f396c93264cb9990552f39fc786885b8fe29c done
#9 naming to docker.io/library/corr-container done
#9 DONE 0.0s
